<?xml version="1.0" encoding="UTF-8"?>
<!-- Generated by org.testng.reporters.JUnitReportReporter -->
<testsuite hostname="DESKTOP-BJ49A8N" failures="0" tests="1" name="ese.ese" time="0.020" errors="0" timestamp="2022-03-13T20:01:36 IST" skipped="0">
  <testcase classname="ese.ese" name="eseexam2022" time="0.020"/>
  <system-out/>
</testsuite> <!-- ese.ese -->
