<?xml version="1.0" encoding="UTF-8"?>
<!-- Generated by org.testng.reporters.JUnitReportReporter -->
<testsuite hostname="DESKTOP-BJ49A8N" failures="0" tests="2" name="gate.Gateeee" time="0.002" errors="0" timestamp="2022-03-13T09:31:44 IST" skipped="0">
  <testcase classname="gate.Gateeee" name="gateexam2022" time="0.001"/>
  <system-out/>
  <testcase classname="gate.Gateeee" name="whygate" time="0.001"/>
  <system-out/>
</testsuite> <!-- gate.Gateeee -->
